<?xml version="1.0" encoding="UTF-8"?>
<testng-results ignored="0" total="1" passed="1" failed="0" skipped="0">
  <reporter-output>
  </reporter-output>
  <suite started-at="2025-09-23T16:55:14 IST" name="Default suite" finished-at="2025-09-23T16:55:41 IST" duration-ms="27859">
    <groups>
    </groups>
    <test started-at="2025-09-23T16:55:14 IST" name="Default test" finished-at="2025-09-23T16:55:41 IST" duration-ms="27859">
      <class name="Appium.framework.POM.Test.FormFieldTest">
        <test-method is-config="true" signature="driverinitalize()[pri:0, instance:Appium.framework.POM.Test.FormFieldTest@6b695b06]" started-at="2025-09-23T16:55:14 IST" name="driverinitalize" finished-at="2025-09-23T16:55:21 IST" duration-ms="7538" status="PASS">
          <reporter-output>
          </reporter-output>
        </test-method> <!-- driverinitalize -->
        <test-method signature="ecommerceFormPage()[pri:0, instance:Appium.framework.POM.Test.FormFieldTest@6b695b06]" started-at="2025-09-23T16:55:21 IST" name="ecommerceFormPage" finished-at="2025-09-23T16:55:41 IST" duration-ms="20275" status="PASS">
          <reporter-output>
          </reporter-output>
        </test-method> <!-- ecommerceFormPage -->
      </class> <!-- Appium.framework.POM.Test.FormFieldTest -->
    </test> <!-- Default test -->
  </suite> <!-- Default suite -->
</testng-results>
